<?xml version="1.0" encoding="UTF-8"?>
<!-- Generated by org.testng.reporters.JUnitReportReporter -->
<testsuite hostname="LAPTOP-4RAGM6OB" failures="0" tests="1" name="variuosConcepts.TestNgHomeWork" time="16.088" errors="0" timestamp="8 Dec 2023 19:31:46 GMT">
  <testcase classname="variuosConcepts.TestNgHomeWork" name="addCustomer2" time="16.088"/>
</testsuite> <!-- variuosConcepts.TestNgHomeWork -->
