<?xml version="1.0" encoding="UTF-8"?>
<!-- Generated by org.testng.reporters.JUnitReportReporter -->
<testsuite hostname="LAPTOP-4RAGM6OB" failures="0" tests="3" name="variuosConcepts.DropdownHomeWork" time="44.049" errors="0" timestamp="4 Dec 2023 00:15:48 GMT">
  <testcase classname="variuosConcepts.DropdownHomeWork" name="loginTest" time="12.155"/>
  <testcase classname="variuosConcepts.DropdownHomeWork" name="validateDropDown" time="15.958"/>
  <testcase classname="variuosConcepts.DropdownHomeWork" name="addCustomer2" time="15.936"/>
</testsuite> <!-- variuosConcepts.DropdownHomeWork -->
