<?xml version="1.0" encoding="UTF-8"?>
<!-- Generated by org.testng.reporters.JUnitReportReporter -->
<testsuite hostname="LAPTOP-4RAGM6OB" failures="0" tests="1" name="variuosConcepts.ValidateDropdown" time="6.132" errors="0" timestamp="2 Jan 2024 19:50:16 GMT">
  <testcase classname="variuosConcepts.ValidateDropdown" name="dropDown1" time="6.132"/>
</testsuite> <!-- variuosConcepts.ValidateDropdown -->
