<?xml version="1.0" encoding="UTF-8"?>
<!-- Generated by org.testng.reporters.JUnitReportReporter -->
<testsuite hostname="LAPTOP-4RAGM6OB" failures="0" tests="2" name="variuosConcepts.CrmTest" time="22.013" errors="0" timestamp="17 Jan 2024 03:10:59 GMT">
  <testcase classname="variuosConcepts.CrmTest" name="loginTest5" time="18.017"/>
  <testcase classname="variuosConcepts.CrmTest" name="testAlertLoginPage" time="3.996"/>
</testsuite> <!-- variuosConcepts.CrmTest -->
