<?xml version="1.0" encoding="UTF-8"?>
<!-- Generated by org.testng.reporters.JUnitReportReporter -->
<testsuite hostname="LAPTOP-4RAGM6OB" failures="0" tests="2" name="variuosConcepts.CrmTest" time="17.553" errors="0" timestamp="8 Dec 2023 19:34:56 GMT">
  <testcase classname="variuosConcepts.CrmTest" name="testAlertLoginPage" time="4.264"/>
  <testcase classname="variuosConcepts.CrmTest" name="loginTest5" time="13.289"/>
</testsuite> <!-- variuosConcepts.CrmTest -->
